<?xml version="1.0" encoding="UTF-8"?>
<!-- Generated by org.testng.reporters.JUnitReportReporter -->
<testsuite hostname="EOXVAINDLT922" failures="0" tests="1" name="TestMyProgramme.MyTest" time="44.913" errors="0" timestamp="2025-05-10T17:23:01 IST" skipped="0">
  <testcase classname="TestMyProgramme.MyTest" name="myTest" time="44.913"/>
</testsuite> <!-- TestMyProgramme.MyTest -->
