<?xml version="1.0" encoding="UTF-8"?>
<!-- Generated by org.testng.reporters.JUnitReportReporter -->
<testsuite hostname="EOXVAINDLT922" failures="0" tests="1" name="com.eox.functional.internal.project.Hrms.tests.Test02" time="33.463" errors="0" timestamp="2025-05-12T20:12:44 IST" skipped="0">
  <testcase classname="com.eox.functional.internal.project.Hrms.tests.Test02" name="testMe" time="33.463"/>
</testsuite> <!-- com.eox.functional.internal.project.Hrms.tests.Test02 -->
