<?xml version="1.0" encoding="UTF-8"?>
<!-- Generated by org.testng.reporters.JUnitReportReporter -->
<testsuite hostname="EOXVAINDLT922" failures="0" tests="1" name="com.eox.functional.internal.project.Hrms.tests.Test01" time="9.997" errors="0" timestamp="2025-05-11T02:46:57 IST" skipped="0">
  <testcase classname="com.eox.functional.internal.project.Hrms.tests.Test01" name="testMe" time="9.997"/>
</testsuite> <!-- com.eox.functional.internal.project.Hrms.tests.Test01 -->
