<?xml version="1.0" encoding="UTF-8"?>
<!-- Generated by org.testng.reporters.JUnitReportReporter -->
<testsuite hostname="EOXVAINDLT922" failures="0" tests="1" name="com.eox.functional.internal.project.Procurement.tests.Test01" time="26.983" errors="0" timestamp="2025-05-12T13:45:35 IST" skipped="0">
  <testcase classname="com.eox.functional.internal.project.Procurement.tests.Test01" name="testMe" time="26.983"/>
</testsuite> <!-- com.eox.functional.internal.project.Procurement.tests.Test01 -->
